Using pre-set license
Built from '2022.3/staging' branch; Version is '2022.3.15f1 (b58023a2b463) revision 11894819'; Using compiler version '192829333'; Build Type 'Release'
OS: 'Windows 10  (10.0.19045) 64bit Professional' Language: 'en' Physical Memory: 12213 MB
BatchMode: 1, IsHumanControllingUs: 0, StartBugReporterOnCrash: 0, Is64bit: 1, IsPro: 1

COMMAND LINE ARGUMENTS:
I:\Unity\Hub\Editor\2022.3.15f1\Editor\Unity.exe
-adb2
-batchMode
-noUpm
-name
AssetImportWorker0
-projectPath
D:/GitHub/Unity/Muntasir/AR_Measure
-logFile
Logs/AssetImportWorker0.log
-srvPort
55435
Successfully changed project path to: D:/GitHub/Unity/Muntasir/AR_Measure
D:/GitHub/Unity/Muntasir/AR_Measure
[UnityMemory] Configuration Parameters - Can be set up in boot.config
    "memorysetup-bucket-allocator-granularity=16"
    "memorysetup-bucket-allocator-bucket-count=8"
    "memorysetup-bucket-allocator-block-size=33554432"
    "memorysetup-bucket-allocator-block-count=8"
    "memorysetup-main-allocator-block-size=16777216"
    "memorysetup-thread-allocator-block-size=16777216"
    "memorysetup-gfx-main-allocator-block-size=16777216"
    "memorysetup-gfx-thread-allocator-block-size=16777216"
    "memorysetup-cache-allocator-block-size=4194304"
    "memorysetup-typetree-allocator-block-size=2097152"
    "memorysetup-profiler-bucket-allocator-granularity=16"
    "memorysetup-profiler-bucket-allocator-bucket-count=8"
    "memorysetup-profiler-bucket-allocator-block-size=33554432"
    "memorysetup-profiler-bucket-allocator-block-count=8"
    "memorysetup-profiler-allocator-block-size=16777216"
    "memorysetup-profiler-editor-allocator-block-size=1048576"
    "memorysetup-temp-allocator-size-main=16777216"
    "memorysetup-job-temp-allocator-block-size=2097152"
    "memorysetup-job-temp-allocator-block-size-background=1048576"
    "memorysetup-job-temp-allocator-reduction-small-platforms=262144"
    "memorysetup-allocator-temp-initial-block-size-main=262144"
    "memorysetup-allocator-temp-initial-block-size-worker=262144"
    "memorysetup-temp-allocator-size-background-worker=32768"
    "memorysetup-temp-allocator-size-job-worker=262144"
    "memorysetup-temp-allocator-size-preload-manager=33554432"
    "memorysetup-temp-allocator-size-nav-mesh-worker=65536"
    "memorysetup-temp-allocator-size-audio-worker=65536"
    "memorysetup-temp-allocator-size-cloud-worker=32768"
    "memorysetup-temp-allocator-size-gi-baking-worker=262144"
    "memorysetup-temp-allocator-size-gfx=262144"
Player connection [47636] Host "[IP] 192.168.1.32 [Port] 0 [Flags] 2 [Guid] 668983563 [EditorId] 668983563 [Version] 1048832 [Id] WindowsEditor(7,DESKTOP-PO85RA3) [Debug] 1 [PackageName] WindowsEditor [ProjectName] Editor" joined multi-casting on [225.0.0.222:54997]...

Player connection [47636] Host "[IP] 192.168.1.32 [Port] 0 [Flags] 2 [Guid] 668983563 [EditorId] 668983563 [Version] 1048832 [Id] WindowsEditor(7,DESKTOP-PO85RA3) [Debug] 1 [PackageName] WindowsEditor [ProjectName] Editor" joined alternative multi-casting on [225.0.0.222:34997]...

[Physics::Module] Initialized MultithreadedJobDispatcher with 11 workers.
Refreshing native plugins compatible for Editor in 64.54 ms, found 5 plugins.
Preloading 0 native plugins for Editor in 0.00 ms.
Initialize engine version: 2022.3.15f1 (b58023a2b463)
[Subsystems] Discovering subsystems at path I:/Unity/Hub/Editor/2022.3.15f1/Editor/Data/Resources/UnitySubsystems
[Subsystems] Discovering subsystems at path D:/GitHub/Unity/Muntasir/AR_Measure/Assets
GfxDevice: creating device client; threaded=0; jobified=0
Direct3D:
    Version:  Direct3D 11.0 [level 11.1]
    Renderer: NVIDIA GeForce GTX 1050 Ti (ID=0x1c82)
    Vendor:   NVIDIA
    VRAM:     4017 MB
    Driver:   31.0.15.4633
Initialize mono
Mono path[0] = 'I:/Unity/Hub/Editor/2022.3.15f1/Editor/Data/Managed'
Mono path[1] = 'I:/Unity/Hub/Editor/2022.3.15f1/Editor/Data/MonoBleedingEdge/lib/mono/unityjit-win32'
Mono config path = 'I:/Unity/Hub/Editor/2022.3.15f1/Editor/Data/MonoBleedingEdge/etc'
Using monoOptions --debugger-agent=transport=dt_socket,embedding=1,server=y,suspend=n,address=127.0.0.1:56004
Begin MonoManager ReloadAssembly
Registering precompiled unity dll's ...
Register platform support module: I:/Unity/Hub/Editor/2022.3.15f1/Editor/Data/PlaybackEngines/WebGLSupport/UnityEditor.WebGL.Extensions.dll
Register platform support module: I:/Unity/Hub/Editor/2022.3.15f1/Editor/Data/PlaybackEngines/AndroidPlayer/UnityEditor.Android.Extensions.dll
Register platform support module: I:/Unity/Hub/Editor/2022.3.15f1/Editor/Data/PlaybackEngines/iOSSupport/UnityEditor.iOS.Extensions.dll
Register platform support module: I:/Unity/Hub/Editor/2022.3.15f1/Editor/Data/PlaybackEngines/WindowsStandaloneSupport/UnityEditor.WindowsStandalone.Extensions.dll
Register platform support module: I:/Unity/Hub/Editor/2022.3.15f1/Editor/Data/PlaybackEngines/MetroSupport/UnityEditor.UWP.Extensions.dll
Registered in 0.020364 seconds.
- Loaded All Assemblies, in  0.957 seconds
Native extension for UWP target not found
Native extension for WindowsStandalone target not found
[usbmuxd] Start listen thread
[usbmuxd] Listen thread started
Native extension for iOS target not found
Native extension for Android target not found
Android Extension - Scanning For ADB Devices 477 ms
Native extension for WebGL target not found
Mono: successfully reloaded assembly
- Finished resetting the current domain, in  1.020 seconds
Domain Reload Profiling: 1977ms
	BeginReloadAssembly (531ms)
		ExecutionOrderSort (0ms)
		DisableScriptedObjects (0ms)
		BackupInstance (0ms)
		ReleaseScriptingObjects (0ms)
		CreateAndSetChildDomain (1ms)
	RebuildCommonClasses (66ms)
	RebuildNativeTypeToScriptingClass (18ms)
	initialDomainReloadingComplete (92ms)
	LoadAllAssembliesAndSetupDomain (249ms)
		LoadAssemblies (531ms)
		RebuildTransferFunctionScriptingTraits (0ms)
		AnalyzeDomain (245ms)
			TypeCache.Refresh (243ms)
				TypeCache.ScanAssembly (217ms)
			ScanForSourceGeneratedMonoScriptInfo (1ms)
			ResolveRequiredComponents (1ms)
	FinalizeReload (1021ms)
		ReleaseScriptCaches (0ms)
		RebuildScriptCaches (0ms)
		SetupLoadedEditorAssemblies (942ms)
			LogAssemblyErrors (0ms)
			InitializePlatformSupportModulesInManaged (699ms)
			SetLoadedEditorAssemblies (5ms)
			RefreshPlugins (0ms)
			BeforeProcessingInitializeOnLoad (3ms)
			ProcessInitializeOnLoadAttributes (173ms)
			ProcessInitializeOnLoadMethodAttributes (62ms)
			AfterProcessingInitializeOnLoad (0ms)
			EditorAssembliesLoaded (0ms)
		ExecutionOrderSort2 (0ms)
		AwakeInstancesAfterBackupRestoration (0ms)
========================================================================
Worker process is ready to serve import requests
Begin MonoManager ReloadAssembly
Assembly 'Assets/PlayServicesResolver/Editor/Google.JarResolver_v1.2.100.0.dll' will not be loaded due to errors:
Assembly name 'Google.JarResolver' does not match file name 'Google.JarResolver_v1.2.100.0'
Assembly 'Assets/PlayServicesResolver/Editor/Google.VersionHandlerImpl_v1.2.100.0.dll' will not be loaded due to errors:
Assembly name 'Google.VersionHandlerImpl' does not match file name 'Google.VersionHandlerImpl_v1.2.100.0'
Symbol file LoadedFromMemory is not a mono symbol file
Assembly 'Assets/Plugins/Editor/JetBrains/JetBrains.Rider.Unity.Editor.Plugin.Repacked.dll' will not be loaded due to errors:
Assembly name 'JetBrains.Rider.Unity.Editor.Plugin.Full.Repacked' does not match file name 'JetBrains.Rider.Unity.Editor.Plugin.Repacked'
Assembly 'Assets/PlayServicesResolver/Editor/Google.IOSResolver_v1.2.100.0.dll' will not be loaded due to errors:
Assembly name 'Google.IOSResolver' does not match file name 'Google.IOSResolver_v1.2.100.0'
- Loaded All Assemblies, in  1.839 seconds
Refreshing native plugins compatible for Editor in 20.58 ms, found 5 plugins.
Native extension for UWP target not found
Native extension for WindowsStandalone target not found
Native extension for iOS target not found
Native extension for Android target not found
Native extension for WebGL target not found
Package Manager log level set to [2]
[Package Manager] Server::EnsureServerProcessIsRunning -- launch failed, reason: Unity was launched with the -noUpm command-line argument
[Package Manager] UpmClient::Send -- Unable to send message (not connected to UPM process).
[Package Manager] Cannot connect to Unity Package Manager local server
[Package Manager] Server::EnsureServerProcessIsRunning -- launch failed, reason: Unity was launched with the -noUpm command-line argument
[Package Manager] UpmClient::Send -- Unable to send message (not connected to UPM process).
[Package Manager] Cannot connect to Unity Package Manager local server
Mono: successfully reloaded assembly
[Package Manager] Server::EnsureServerProcessIsRunning -- launch failed, reason: Unity was launched with the -noUpm command-line argument
[Package Manager] UpmClient::Send -- Unable to send message (not connected to UPM process).
[Package Manager] Cannot connect to Unity Package Manager local server
[Package Manager] Server::EnsureServerProcessIsRunning -- launch failed, reason: Unity was launched with the -noUpm command-line argument
[Package Manager] UpmClient::Send -- Unable to send message (not connected to UPM process).
[Package Manager] Cannot connect to Unity Package Manager local server
- Finished resetting the current domain, in  1.389 seconds
Domain Reload Profiling: 3227ms
	BeginReloadAssembly (203ms)
		ExecutionOrderSort (0ms)
		DisableScriptedObjects (8ms)
		BackupInstance (0ms)
		ReleaseScriptingObjects (0ms)
		CreateAndSetChildDomain (27ms)
	RebuildCommonClasses (51ms)
	RebuildNativeTypeToScriptingClass (19ms)
	initialDomainReloadingComplete (52ms)
	LoadAllAssembliesAndSetupDomain (1511ms)
		LoadAssemblies (1352ms)
		RebuildTransferFunctionScriptingTraits (0ms)
		AnalyzeDomain (284ms)
			TypeCache.Refresh (235ms)
				TypeCache.ScanAssembly (207ms)
			ScanForSourceGeneratedMonoScriptInfo (38ms)
			ResolveRequiredComponents (9ms)
	FinalizeReload (1390ms)
		ReleaseScriptCaches (0ms)
		RebuildScriptCaches (0ms)
		SetupLoadedEditorAssemblies (1123ms)
			LogAssemblyErrors (0ms)
			InitializePlatformSupportModulesInManaged (56ms)
			SetLoadedEditorAssemblies (9ms)
			RefreshPlugins (0ms)
			BeforeProcessingInitializeOnLoad (113ms)
			ProcessInitializeOnLoadAttributes (581ms)
			ProcessInitializeOnLoadMethodAttributes (351ms)
			AfterProcessingInitializeOnLoad (5ms)
			EditorAssembliesLoaded (9ms)
		ExecutionOrderSort2 (0ms)
		AwakeInstancesAfterBackupRestoration (11ms)
Launched and connected shader compiler UnityShaderCompiler.exe after 0.21 seconds
Refreshing native plugins compatible for Editor in 31.13 ms, found 5 plugins.
Preloading 0 native plugins for Editor in 0.00 ms.
Unloading 4029 Unused Serialized files (Serialized files now loaded: 0)
Unloading 108 unused Assets / (1.3 MB). Loaded Objects now: 4459.
Memory consumption went from 161.7 MB to 160.4 MB.
Total: 14.831800 ms (FindLiveObjects: 0.612600 ms CreateObjectMapping: 0.196300 ms MarkObjects: 12.643000 ms  DeleteObjects: 1.377700 ms)

AssetImportParameters requested are different than current active one (requested -> active):
  custom:container-demuxer-ogg: 62fdf1f143b41e24485cea50d1cbac27 -> 
  custom:video-decoder-ogg-theora: a1e56fd34408186e4bbccfd4996cb3dc -> 
  custom:framework-win-MediaFoundation: 216162199b28c13a410421893ffa2e32 -> 
  custom:CustomObjectIndexerAttribute: 43b350a4d6e6d1791af0b5038c4bea17 -> 
  custom:container-demuxer-webm: 4f35f7cbe854078d1ac9338744f61a02 -> 
  custom:container-muxer-webm: aa71ff27fc2769a1b78a27578f13a17b -> 
  custom:video-decoder-webm-vp8: 9c59270c3fd7afecdb556c50c9e8de78 -> 
  custom:SearchIndexIgnoredProperties: e643bd26f0fe6173181afceb89e7c659 -> 
  custom:AudioImporter_EditorPlatform: d09bf68614088b80899f8185d706f6e7 -> 
  custom:video-encoder-webm-vp8: eb34c28f22e8b96e1ab97ce403110664 -> 
  custom:audio-decoder-ogg-vorbis: bf7c407c2cedff20999df2af8eb42d56 -> 
  custom:audio-encoder-webm-vorbis: bf7c407c2cedff20999df2af8eb42d56 -> 
========================================================================
Received Import Request.
  Time since last request: 89142.307188 seconds.
  path: Assets/ARular/Fonts/Apex Mk2/ApexMk2-BoldExtended.otf
  artifactKey: Guid(c09d6273b2a5944e6826446cf56deead) Importer(815301076,1909f56bfc062723c751e8b465ee728b)
Start importing Assets/ARular/Fonts/Apex Mk2/ApexMk2-BoldExtended.otf using Guid(c09d6273b2a5944e6826446cf56deead) Importer(815301076,1909f56bfc062723c751e8b465ee728b)  -> (artifact id: 'bfcd3c0650b6a2ff8f10072ad1496a3a') in 0.509597 seconds
Number of updated asset objects reloaded before import = 0
Number of asset objects unloaded after import = 4
========================================================================
Received Import Request.
  Time since last request: 634.771044 seconds.
  path: Assets/ARular/Prefab/LengthText.prefab
  artifactKey: Guid(cdc4ad72b198f4ad79b8e3a004826989) Importer(815301076,1909f56bfc062723c751e8b465ee728b)
Start importing Assets/ARular/Prefab/LengthText.prefab using Guid(cdc4ad72b198f4ad79b8e3a004826989) Importer(815301076,1909f56bfc062723c751e8b465ee728b)  -> (artifact id: '60eae41ecb93cec902da52b450a11b22') in 0.320451 seconds
Number of updated asset objects reloaded before import = 0
Number of asset objects unloaded after import = 6
========================================================================
Received Import Request.
  Time since last request: 3.213613 seconds.
  path: Assets/ARular/Prefab/DistanceObj.prefab
  artifactKey: Guid(dcb015fbf78404f09a84ce299a3a5974) Importer(815301076,1909f56bfc062723c751e8b465ee728b)
Start importing Assets/ARular/Prefab/DistanceObj.prefab using Guid(dcb015fbf78404f09a84ce299a3a5974) Importer(815301076,1909f56bfc062723c751e8b465ee728b)  -> (artifact id: '9624e3160b196d7d76687db27347cb6d') in 0.136311 seconds
Number of updated asset objects reloaded before import = 0
Number of asset objects unloaded after import = 21
========================================================================
Received Import Request.
  Time since last request: 6.910727 seconds.
  path: Assets/ARular/Prefab/distanceTextPro.prefab
  artifactKey: Guid(f9d64b53c110640dfbad02b3d11bc65a) Importer(815301076,1909f56bfc062723c751e8b465ee728b)
Start importing Assets/ARular/Prefab/distanceTextPro.prefab using Guid(f9d64b53c110640dfbad02b3d11bc65a) Importer(815301076,1909f56bfc062723c751e8b465ee728b)  -> (artifact id: 'd36a6f804ed682d36531c3e7d5765210') in 0.054848 seconds
Number of updated asset objects reloaded before import = 0
Number of asset objects unloaded after import = 11
========================================================================
Received Import Request.
  Time since last request: 0.490867 seconds.
  path: Assets/ARular/Prefab/Panel.prefab
  artifactKey: Guid(1ba9cb24279a147deb36cc011463303d) Importer(815301076,1909f56bfc062723c751e8b465ee728b)
Start importing Assets/ARular/Prefab/Panel.prefab using Guid(1ba9cb24279a147deb36cc011463303d) Importer(815301076,1909f56bfc062723c751e8b465ee728b)  -> (artifact id: '51d53addb343d3b94c125c02987e4f74') in 0.020844 seconds
Number of updated asset objects reloaded before import = 0
Number of asset objects unloaded after import = 24
========================================================================
Received Import Request.
  Time since last request: 8.796921 seconds.
  path: Assets/ARular/Prefab/Sphere.prefab
  artifactKey: Guid(b3f7bca7456d24c799f86f6610541d95) Importer(815301076,1909f56bfc062723c751e8b465ee728b)
Start importing Assets/ARular/Prefab/Sphere.prefab using Guid(b3f7bca7456d24c799f86f6610541d95) Importer(815301076,1909f56bfc062723c751e8b465ee728b)  -> (artifact id: '228e8cf082c678953403ab3b95db11ae') in 0.180710 seconds
Number of updated asset objects reloaded before import = 0
Number of asset objects unloaded after import = 9
========================================================================
Received Import Request.
  Time since last request: 5.319868 seconds.
  path: Assets/ARular/Scenes/RularScene.unity
  artifactKey: Guid(dbc0aef7578a446e58f5ac07ea4eac33) Importer(815301076,1909f56bfc062723c751e8b465ee728b)
Start importing Assets/ARular/Scenes/RularScene.unity using Guid(dbc0aef7578a446e58f5ac07ea4eac33) Importer(815301076,1909f56bfc062723c751e8b465ee728b)  -> (artifact id: '500420b90c03649e04e8acac43149d6b') in 0.001019 seconds
Number of updated asset objects reloaded before import = 0
Number of asset objects unloaded after import = 0
========================================================================
Received Import Request.
  Time since last request: 6.330456 seconds.
  path: Assets/ARular/Scenes/DrawLineScene.unity
  artifactKey: Guid(54ee43b0f6a1d449b99850c10235a901) Importer(815301076,1909f56bfc062723c751e8b465ee728b)
Start importing Assets/ARular/Scenes/DrawLineScene.unity using Guid(54ee43b0f6a1d449b99850c10235a901) Importer(815301076,1909f56bfc062723c751e8b465ee728b)  -> (artifact id: '01a96a34e89625e629e592c4722a3997') in 0.000617 seconds
Number of updated asset objects reloaded before import = 0
Number of asset objects unloaded after import = 0
========================================================================
Received Import Request.
  Time since last request: 29.324268 seconds.
  path: Assets/Resources
  artifactKey: Guid(7a8f9c411da9d4e99b35daf46291f36f) Importer(815301076,1909f56bfc062723c751e8b465ee728b)
Start importing Assets/Resources using Guid(7a8f9c411da9d4e99b35daf46291f36f) Importer(815301076,1909f56bfc062723c751e8b465ee728b)  -> (artifact id: '707cdc9d05f5935db5af3d695cab1872') in 0.000551 seconds
Number of updated asset objects reloaded before import = 0
Number of asset objects unloaded after import = 0
========================================================================
Received Import Request.
  Time since last request: 47.623478 seconds.
  path: Assets/ARular/Sprite/Button.png
  artifactKey: Guid(0cce1abe9a3644c29b32b5743847bb51) Importer(815301076,1909f56bfc062723c751e8b465ee728b)
Start importing Assets/ARular/Sprite/Button.png using Guid(0cce1abe9a3644c29b32b5743847bb51) Importer(815301076,1909f56bfc062723c751e8b465ee728b)  -> (artifact id: 'dda7049e7d9f0709495e51ddca23e34a') in 0.111097 seconds
Number of updated asset objects reloaded before import = 0
Number of asset objects unloaded after import = 3
========================================================================
Received Import Request.
  Time since last request: 0.000028 seconds.
  path: Assets/ARular/Sprite/Untitled-1.psd
  artifactKey: Guid(a92de7ea3e3104a759930d2600b8bcda) Importer(815301076,1909f56bfc062723c751e8b465ee728b)
Start importing Assets/ARular/Sprite/Untitled-1.psd using Guid(a92de7ea3e3104a759930d2600b8bcda) Importer(815301076,1909f56bfc062723c751e8b465ee728b)  -> (artifact id: 'bf4bc8765bbbcad4c108aeb58507db8d') in 0.049289 seconds
Number of updated asset objects reloaded before import = 0
Number of asset objects unloaded after import = 7
========================================================================
Received Import Request.
  Time since last request: 0.000029 seconds.
  path: Assets/ARular/Sprite/InfoButton.png
  artifactKey: Guid(945aa414f48b645dea20bf12a2499ae1) Importer(815301076,1909f56bfc062723c751e8b465ee728b)
Start importing Assets/ARular/Sprite/InfoButton.png using Guid(945aa414f48b645dea20bf12a2499ae1) Importer(815301076,1909f56bfc062723c751e8b465ee728b)  -> (artifact id: '3343879258a9ffd7f5d6f320b45309cf') in 0.027875 seconds
Number of updated asset objects reloaded before import = 0
Number of asset objects unloaded after import = 3
========================================================================
Received Import Request.
  Time since last request: 0.000039 seconds.
  path: Assets/ARular/Sprite/Discrete.png
  artifactKey: Guid(5c0e117eae7b14512b49b55d9b9aba30) Importer(815301076,1909f56bfc062723c751e8b465ee728b)
Start importing Assets/ARular/Sprite/Discrete.png using Guid(5c0e117eae7b14512b49b55d9b9aba30) Importer(815301076,1909f56bfc062723c751e8b465ee728b)  -> (artifact id: '917695151a0522e05bc9e56d861a08bc') in 0.029358 seconds
Number of updated asset objects reloaded before import = 0
Number of asset objects unloaded after import = 3
========================================================================
Received Import Request.
  Time since last request: 0.000020 seconds.
  path: Assets/ARular/Sprite/circle.png
  artifactKey: Guid(0c39ac541988549ffb7aa179c05f23e1) Importer(815301076,1909f56bfc062723c751e8b465ee728b)
Start importing Assets/ARular/Sprite/circle.png using Guid(0c39ac541988549ffb7aa179c05f23e1) Importer(815301076,1909f56bfc062723c751e8b465ee728b)  -> (artifact id: '8f5f7169c7e55a99c061f647d5ce5767') in 0.025158 seconds
Number of updated asset objects reloaded before import = 0
Number of asset objects unloaded after import = 3
========================================================================
Received Import Request.
  Time since last request: 0.000116 seconds.
  path: Assets/ARular/Sprite/record-circular-button.png
  artifactKey: Guid(60490c82c64894e15bde8fb1b3b782ce) Importer(815301076,1909f56bfc062723c751e8b465ee728b)
Start importing Assets/ARular/Sprite/record-circular-button.png using Guid(60490c82c64894e15bde8fb1b3b782ce) Importer(815301076,1909f56bfc062723c751e8b465ee728b)  -> (artifact id: '746f316dbce4267cf5e46c84dced7878') in 0.028725 seconds
Number of updated asset objects reloaded before import = 0
Number of asset objects unloaded after import = 3
========================================================================
Received Import Request.
  Time since last request: 0.000027 seconds.
  path: Assets/ARular/Sprite/error.psd
  artifactKey: Guid(1c5024eb9a8fd43c6bf2d11eff00ea69) Importer(815301076,1909f56bfc062723c751e8b465ee728b)
Start importing Assets/ARular/Sprite/error.psd using Guid(1c5024eb9a8fd43c6bf2d11eff00ea69) Importer(815301076,1909f56bfc062723c751e8b465ee728b)  -> (artifact id: 'de4a4491a93065b2b67eccedacccbdf7') in 0.026678 seconds
Number of updated asset objects reloaded before import = 0
Number of asset objects unloaded after import = 3
========================================================================
Received Import Request.
  Time since last request: 0.000024 seconds.
  path: Assets/ARular/Sprite/circle-outline.png
  artifactKey: Guid(af1f94885f3724205a6294374d09b7db) Importer(815301076,1909f56bfc062723c751e8b465ee728b)
Start importing Assets/ARular/Sprite/circle-outline.png using Guid(af1f94885f3724205a6294374d09b7db) Importer(815301076,1909f56bfc062723c751e8b465ee728b)  -> (artifact id: '73593444635e800ed59a55e06e948221') in 0.031360 seconds
Number of updated asset objects reloaded before import = 0
Number of asset objects unloaded after import = 3
========================================================================
Received Import Request.
  Time since last request: 0.000022 seconds.
  path: Assets/ARular/Sprite/rounded-rectangle.png
  artifactKey: Guid(83ecb9e559c084d519857091b2e28174) Importer(815301076,1909f56bfc062723c751e8b465ee728b)
Start importing Assets/ARular/Sprite/rounded-rectangle.png using Guid(83ecb9e559c084d519857091b2e28174) Importer(815301076,1909f56bfc062723c751e8b465ee728b)  -> (artifact id: '0addbaf4628f9c68382255b1117d208d') in 0.027908 seconds
Number of updated asset objects reloaded before import = 0
Number of asset objects unloaded after import = 3
========================================================================
Received Import Request.
  Time since last request: 4.716465 seconds.
  path: Assets/CurvedLine/Materials/LineMaterial.mat
  artifactKey: Guid(c1b4e62fb04f0734d84710b9fbdd8c85) Importer(815301076,1909f56bfc062723c751e8b465ee728b)
Start importing Assets/CurvedLine/Materials/LineMaterial.mat using Guid(c1b4e62fb04f0734d84710b9fbdd8c85) Importer(815301076,1909f56bfc062723c751e8b465ee728b)  -> (artifact id: 'f88f8e4c6cb0620047fe6d7d623b8a38') in 0.041585 seconds
Number of updated asset objects reloaded before import = 0
Number of asset objects unloaded after import = 1
========================================================================
Received Import Request.
  Time since last request: 0.000039 seconds.
  path: Assets/CurvedLine/Materials/LineMaterialWhite.mat
  artifactKey: Guid(b3413acbbdb8c8a46bdb0940bfb5a1c0) Importer(815301076,1909f56bfc062723c751e8b465ee728b)
Start importing Assets/CurvedLine/Materials/LineMaterialWhite.mat using Guid(b3413acbbdb8c8a46bdb0940bfb5a1c0) Importer(815301076,1909f56bfc062723c751e8b465ee728b)  -> (artifact id: 'db9d6c28cba148a58de52f23574a036b') in 0.028328 seconds
Number of updated asset objects reloaded before import = 0
Number of asset objects unloaded after import = 1
========================================================================
Received Import Request.
  Time since last request: 0.000023 seconds.
  path: Assets/CurvedLine/Materials/LineMaterialRed.mat
  artifactKey: Guid(ab05ad724f9eaa04084892cef7a39e4a) Importer(815301076,1909f56bfc062723c751e8b465ee728b)
Start importing Assets/CurvedLine/Materials/LineMaterialRed.mat using Guid(ab05ad724f9eaa04084892cef7a39e4a) Importer(815301076,1909f56bfc062723c751e8b465ee728b)  -> (artifact id: 'b91212cf89161a4d0de0fe165180ee3b') in 0.019583 seconds
Number of updated asset objects reloaded before import = 0
Number of asset objects unloaded after import = 1
========================================================================
Received Import Request.
  Time since last request: 0.000034 seconds.
  path: Assets/CurvedLine/Materials/LineNormalMappedBlack.mat
  artifactKey: Guid(198c81d12c2f3b646858d9ff4027ae52) Importer(815301076,1909f56bfc062723c751e8b465ee728b)
Start importing Assets/CurvedLine/Materials/LineNormalMappedBlack.mat using Guid(198c81d12c2f3b646858d9ff4027ae52) Importer(815301076,1909f56bfc062723c751e8b465ee728b)  -> (artifact id: '116b04eca8190a0cfd5eb8fc37810b93') in 0.289686 seconds
Number of updated asset objects reloaded before import = 0
Number of asset objects unloaded after import = 2
========================================================================
Received Import Request.
  Time since last request: 0.000037 seconds.
  path: Assets/CurvedLine/Materials/LineNormalMappedRed.mat
  artifactKey: Guid(cadfffa1a2f8fb94d99f5f74d5bdfda9) Importer(815301076,1909f56bfc062723c751e8b465ee728b)
Start importing Assets/CurvedLine/Materials/LineNormalMappedRed.mat using Guid(cadfffa1a2f8fb94d99f5f74d5bdfda9) Importer(815301076,1909f56bfc062723c751e8b465ee728b)  -> (artifact id: 'b273ff75ac56db1d8d08ca88ef7435fa') in 0.027299 seconds
Number of updated asset objects reloaded before import = 0
Number of asset objects unloaded after import = 2
========================================================================
Received Import Request.
  Time since last request: 0.000045 seconds.
  path: Assets/CurvedLine/Materials/LineNormalMapped.mat
  artifactKey: Guid(8f6336ce9c9de9e40ba3437b882c44e5) Importer(815301076,1909f56bfc062723c751e8b465ee728b)
Start importing Assets/CurvedLine/Materials/LineNormalMapped.mat using Guid(8f6336ce9c9de9e40ba3437b882c44e5) Importer(815301076,1909f56bfc062723c751e8b465ee728b)  -> (artifact id: '5ac67dfbbb6f3bfb67171cc6fc963b26') in 0.021313 seconds
Number of updated asset objects reloaded before import = 0
Number of asset objects unloaded after import = 2
========================================================================
Received Import Request.
  Time since last request: 25.466220 seconds.
  path: Assets/XR/Loaders/ARCoreLoader.asset
  artifactKey: Guid(121bae69d0d3e2042aa1dc3466b9ffb4) Importer(2089858483,0ecaa5967403d082aa24f35e1b516d23)
Start importing Assets/XR/Loaders/ARCoreLoader.asset using Guid(121bae69d0d3e2042aa1dc3466b9ffb4) Importer(2089858483,0ecaa5967403d082aa24f35e1b516d23) Generated GUIDs only implemented for interfaces!
 -> (artifact id: '8bc872e0abd5732b2ab38a92d0afc678') in 0.350973 seconds
Number of updated asset objects reloaded before import = 0
Number of asset objects unloaded after import = 1
========================================================================
Received Import Request.
  Time since last request: 0.000029 seconds.
  path: Assets/XR/XRGeneralSettingsPerBuildTarget.asset
  artifactKey: Guid(209e182fa44ea3f478206083f867a8a1) Importer(2089858483,0ecaa5967403d082aa24f35e1b516d23)
Start importing Assets/XR/XRGeneralSettingsPerBuildTarget.asset using Guid(209e182fa44ea3f478206083f867a8a1) Importer(2089858483,0ecaa5967403d082aa24f35e1b516d23) Generated GUIDs only implemented for interfaces!
 -> (artifact id: '37c8c1b34a6069b384d74371354a078e') in 0.157292 seconds
Number of updated asset objects reloaded before import = 0
Number of asset objects unloaded after import = 1
========================================================================
Received Import Request.
  Time since last request: 0.382227 seconds.
  path: Assets/ARular/Fonts/junction-master/source/Junction.ufo/metainfo.plist
  artifactKey: Guid(5d87b7751d7fd46f1b0f2e24fd1456ef) Importer(815301076,1909f56bfc062723c751e8b465ee728b)
Start importing Assets/ARular/Fonts/junction-master/source/Junction.ufo/metainfo.plist using Guid(5d87b7751d7fd46f1b0f2e24fd1456ef) Importer(815301076,1909f56bfc062723c751e8b465ee728b)  -> (artifact id: '9120e94816a71ba2a653b274a2907aca') in 0.007245 seconds
Number of updated asset objects reloaded before import = 0
Number of asset objects unloaded after import = 1
========================================================================
Received Import Request.
  Time since last request: 0.000351 seconds.
  path: Assets/GoogleARCore/SDK/Scripts/Api/Types/ApiCameraMetadata.cs
  artifactKey: Guid(bfdd6a8d3f3624cc68c5c22390d84305) Importer(815301076,1909f56bfc062723c751e8b465ee728b)
Start importing Assets/GoogleARCore/SDK/Scripts/Api/Types/ApiCameraMetadata.cs using Guid(bfdd6a8d3f3624cc68c5c22390d84305) Importer(815301076,1909f56bfc062723c751e8b465ee728b)  -> (artifact id: 'ee27c39a0be17bbeb2c35977eb38b6c4') in 0.002315 seconds
Number of updated asset objects reloaded before import = 0
Number of asset objects unloaded after import = 0
========================================================================
Received Import Request.
  Time since last request: 17.486800 seconds.
  path: Assets/GoogleARCore/Examples/CloudAnchors/Materials/AnchorMaterial.mat
  artifactKey: Guid(0cb4f0cb1433247d08a6a7bd18334cb5) Importer(815301076,1909f56bfc062723c751e8b465ee728b)
Start importing Assets/GoogleARCore/Examples/CloudAnchors/Materials/AnchorMaterial.mat using Guid(0cb4f0cb1433247d08a6a7bd18334cb5) Importer(815301076,1909f56bfc062723c751e8b465ee728b)  -> (artifact id: '7657fd106206dc9a4f3b86344221d9b6') in 0.146621 seconds
Number of updated asset objects reloaded before import = 0
Number of asset objects unloaded after import = 2
========================================================================
Received Import Request.
  Time since last request: 0.000027 seconds.
  path: Assets/ARular/Fonts/junction-master/webfonts/junction-bold.ttf
  artifactKey: Guid(64912883e609541cc8141e59fb559d4a) Importer(815301076,1909f56bfc062723c751e8b465ee728b)
Start importing Assets/ARular/Fonts/junction-master/webfonts/junction-bold.ttf using Guid(64912883e609541cc8141e59fb559d4a) Importer(815301076,1909f56bfc062723c751e8b465ee728b)  -> (artifact id: 'a33bb828ab4d4863b3d56970b3f23481') in 0.040973 seconds
Number of updated asset objects reloaded before import = 0
Number of asset objects unloaded after import = 4
========================================================================
Received Import Request.
  Time since last request: 0.000043 seconds.
  path: Assets/GoogleARCore/Examples/AugmentedImage/Materials/Frame/Frame Material.mat
  artifactKey: Guid(457696d2cf54b4f558c12777332919a2) Importer(815301076,1909f56bfc062723c751e8b465ee728b)
Start importing Assets/GoogleARCore/Examples/AugmentedImage/Materials/Frame/Frame Material.mat using Guid(457696d2cf54b4f558c12777332919a2) Importer(815301076,1909f56bfc062723c751e8b465ee728b)  -> (artifact id: '7db4953f08a22bd838b5687cec475bd0') in 0.211038 seconds
Number of updated asset objects reloaded before import = 0
Number of asset objects unloaded after import = 2
========================================================================
Received Import Request.
  Time since last request: 0.000031 seconds.
  path: Assets/GoogleARCore/Examples/CloudAnchors/Materials/StarDiffuseMaterial.mat
  artifactKey: Guid(0b079db6ee1704c53b8ddfcb4b456b0f) Importer(815301076,1909f56bfc062723c751e8b465ee728b)
Start importing Assets/GoogleARCore/Examples/CloudAnchors/Materials/StarDiffuseMaterial.mat using Guid(0b079db6ee1704c53b8ddfcb4b456b0f) Importer(815301076,1909f56bfc062723c751e8b465ee728b)  -> (artifact id: '89f87e0f9947469915a351895d93100d') in 0.119008 seconds
Number of updated asset objects reloaded before import = 0
Number of asset objects unloaded after import = 2
========================================================================
Received Import Request.
  Time since last request: 0.000035 seconds.
  path: Assets/GoogleARCore/Examples/Common/Roboto-Regular.ttf
  artifactKey: Guid(f66655b38428d40769e9e41ee237cbdc) Importer(815301076,1909f56bfc062723c751e8b465ee728b)
Start importing Assets/GoogleARCore/Examples/Common/Roboto-Regular.ttf using Guid(f66655b38428d40769e9e41ee237cbdc) Importer(815301076,1909f56bfc062723c751e8b465ee728b)  -> (artifact id: 'ca9b7aa2b18960c03caa1aaf9d9927d5') in 0.018198 seconds
Number of updated asset objects reloaded before import = 0
Number of asset objects unloaded after import = 4
========================================================================
Received Import Request.
  Time since last request: 0.000119 seconds.
  path: Assets/GoogleARCore/Examples/Common/Materials/Andy/AndyShadowMaterial.mat
  artifactKey: Guid(0130982ecc98e47e4a78ec2f85196be5) Importer(815301076,1909f56bfc062723c751e8b465ee728b)
Start importing Assets/GoogleARCore/Examples/Common/Materials/Andy/AndyShadowMaterial.mat using Guid(0130982ecc98e47e4a78ec2f85196be5) Importer(815301076,1909f56bfc062723c751e8b465ee728b)  -> (artifact id: '7cb0185d94349dd5b72fcd648162657a') in 0.257292 seconds
Number of updated asset objects reloaded before import = 0
Number of asset objects unloaded after import = 2
========================================================================
Received Import Request.
  Time since last request: 0.000039 seconds.
  path: Assets/GoogleARCore/Examples/AugmentedFaces/Models/canonical_face_mesh.fbx
  artifactKey: Guid(538464acafcf3406f94cb7a5cb51f0ae) Importer(815301076,1909f56bfc062723c751e8b465ee728b)
Start importing Assets/GoogleARCore/Examples/AugmentedFaces/Models/canonical_face_mesh.fbx using Guid(538464acafcf3406f94cb7a5cb51f0ae) Importer(815301076,1909f56bfc062723c751e8b465ee728b)  -> (artifact id: 'add568ee95620a17724a0fb37a777b5d') in 0.242549 seconds
Number of updated asset objects reloaded before import = 0
Number of asset objects unloaded after import = 19
========================================================================
Received Import Request.
  Time since last request: 0.000067 seconds.
  path: Assets/ARular/Fonts/diogene_carre/Carre.ttf
  artifactKey: Guid(c391d53d484c042f79ea0df53593c647) Importer(815301076,1909f56bfc062723c751e8b465ee728b)
Start importing Assets/ARular/Fonts/diogene_carre/Carre.ttf using Guid(c391d53d484c042f79ea0df53593c647) Importer(815301076,1909f56bfc062723c751e8b465ee728b)  -> (artifact id: '728c308b8e676e1a9b0868aa85f62fae') in 0.057826 seconds
Number of updated asset objects reloaded before import = 0
Number of asset objects unloaded after import = 4
========================================================================
Received Import Request.
  Time since last request: 0.000033 seconds.
  path: Assets/GoogleARCore/Examples/AugmentedFaces/Materials/FaceOccluderMaterial.mat
  artifactKey: Guid(d8551dc61be7f44668bdd51d1bffe2c9) Importer(815301076,1909f56bfc062723c751e8b465ee728b)
Start importing Assets/GoogleARCore/Examples/AugmentedFaces/Materials/FaceOccluderMaterial.mat using Guid(d8551dc61be7f44668bdd51d1bffe2c9) Importer(815301076,1909f56bfc062723c751e8b465ee728b)  -> (artifact id: '2719442f1fb3f3a772819ccf9efc33f2') in 0.025884 seconds
Number of updated asset objects reloaded before import = 0
Number of asset objects unloaded after import = 1
========================================================================
Received Import Request.
  Time since last request: 0.000029 seconds.
  path: Assets/GoogleARCore/Examples/Common/Materials/PlaneGrid.mat
  artifactKey: Guid(92b1ca249edc047509db2c7bc05789ef) Importer(815301076,1909f56bfc062723c751e8b465ee728b)
Start importing Assets/GoogleARCore/Examples/Common/Materials/PlaneGrid.mat using Guid(92b1ca249edc047509db2c7bc05789ef) Importer(815301076,1909f56bfc062723c751e8b465ee728b)  -> (artifact id: 'a9b0af6a05d2405da9532bf442b4164e') in 0.263474 seconds
Number of updated asset objects reloaded before import = 0
Number of asset objects unloaded after import = 2
========================================================================
Received Import Request.
  Time since last request: 0.000040 seconds.
  path: Assets/ARular/Material/ARCloud.mat
  artifactKey: Guid(4bab2f332e579401ea00c778f691f3b0) Importer(815301076,1909f56bfc062723c751e8b465ee728b)
Start importing Assets/ARular/Material/ARCloud.mat using Guid(4bab2f332e579401ea00c778f691f3b0) Importer(815301076,1909f56bfc062723c751e8b465ee728b)  -> (artifact id: 'e40358efccd165b0c5c3afa6aa889a14') in 0.013515 seconds
Number of updated asset objects reloaded before import = 0
Number of asset objects unloaded after import = 1
========================================================================
Received Import Request.
  Time since last request: 0.000049 seconds.
  path: Assets/GoogleARCore/Examples/Common/Materials/Andy/AndyMaterialBlue.mat
  artifactKey: Guid(3eb6e3fe2d69cfa40923e4627d60c98f) Importer(815301076,1909f56bfc062723c751e8b465ee728b)
Start importing Assets/GoogleARCore/Examples/Common/Materials/Andy/AndyMaterialBlue.mat using Guid(3eb6e3fe2d69cfa40923e4627d60c98f) Importer(815301076,1909f56bfc062723c751e8b465ee728b)  -> (artifact id: '0d03882c97fbd55e4277885b3c8a9fe5') in 0.046201 seconds
Number of updated asset objects reloaded before import = 0
Number of asset objects unloaded after import = 2
========================================================================
Received Import Request.
  Time since last request: 0.000032 seconds.
  path: Assets/ARular/Fonts/Apex Mk2/ApexMk2-BoldExtended SDF.asset
  artifactKey: Guid(da68c68322e7f4559b6838678444a465) Importer(815301076,1909f56bfc062723c751e8b465ee728b)
Start importing Assets/ARular/Fonts/Apex Mk2/ApexMk2-BoldExtended SDF.asset using Guid(da68c68322e7f4559b6838678444a465) Importer(815301076,1909f56bfc062723c751e8b465ee728b)  -> (artifact id: '8b5cb9e90053213358ff0afa1fbfd8c3') in 0.041495 seconds
Number of updated asset objects reloaded before import = 0
Number of asset objects unloaded after import = 4
========================================================================
Received Import Request.
  Time since last request: 0.000027 seconds.
  path: Assets/GoogleARCore/Examples/AugmentedFaces/Materials/FoxEarMaterial.mat
  artifactKey: Guid(8e3ccdbfb959e42c3b73ce3eabfbd40b) Importer(815301076,1909f56bfc062723c751e8b465ee728b)
Start importing Assets/GoogleARCore/Examples/AugmentedFaces/Materials/FoxEarMaterial.mat using Guid(8e3ccdbfb959e42c3b73ce3eabfbd40b) Importer(815301076,1909f56bfc062723c751e8b465ee728b)  -> (artifact id: '008db672d9e7986b4ac72924cc08327b') in 0.066340 seconds
Number of updated asset objects reloaded before import = 0
Number of asset objects unloaded after import = 2
========================================================================
Received Import Request.
  Time since last request: 34.216357 seconds.
  path: Assets/GoogleARCore/Examples/Common/Prefabs/AndyGreen.prefab
  artifactKey: Guid(242a320930b81430ba610f94f9b760c8) Importer(815301076,1909f56bfc062723c751e8b465ee728b)
Start importing Assets/GoogleARCore/Examples/Common/Prefabs/AndyGreen.prefab using Guid(242a320930b81430ba610f94f9b760c8) Importer(815301076,1909f56bfc062723c751e8b465ee728b)  -> (artifact id: '283d7704dd8a3051b76e28e5f36c1f42') in 0.073465 seconds
Number of updated asset objects reloaded before import = 0
Number of asset objects unloaded after import = 22
========================================================================
Received Import Request.
  Time since last request: 0.000048 seconds.
  path: Assets/GoogleARCore/Examples/Common/Prefabs/PlaneDiscovery.prefab
  artifactKey: Guid(c539aa4fa1bac4b4da61761b0699b48b) Importer(815301076,1909f56bfc062723c751e8b465ee728b)
Start importing Assets/GoogleARCore/Examples/Common/Prefabs/PlaneDiscovery.prefab using Guid(c539aa4fa1bac4b4da61761b0699b48b) Importer(815301076,1909f56bfc062723c751e8b465ee728b)  -> (artifact id: 'b0ac33fabe5bdea8a869e9af58d09d34') in 0.109081 seconds
Number of updated asset objects reloaded before import = 0
Number of asset objects unloaded after import = 75
========================================================================
Received Import Request.
  Time since last request: 0.000023 seconds.
  path: Assets/GoogleARCore/Examples/Common/Prefabs/DetectedPlaneVisualizer.prefab
  artifactKey: Guid(6a35c744e5010405c847fad90282d2be) Importer(815301076,1909f56bfc062723c751e8b465ee728b)
Start importing Assets/GoogleARCore/Examples/Common/Prefabs/DetectedPlaneVisualizer.prefab using Guid(6a35c744e5010405c847fad90282d2be) Importer(815301076,1909f56bfc062723c751e8b465ee728b)  -> (artifact id: '8a4a4e88d2fdae59571a0eb941041728') in 0.131575 seconds
Number of updated asset objects reloaded before import = 0
Number of asset objects unloaded after import = 9
========================================================================
Received Import Request.
  Time since last request: 8.807069 seconds.
  path: Assets/GoogleARCore/Examples/Common/Materials/Textures/AugmentedImageIcon.png
  artifactKey: Guid(0bf81216732894b46b8b5437b1acc57a) Importer(815301076,1909f56bfc062723c751e8b465ee728b)
Start importing Assets/GoogleARCore/Examples/Common/Materials/Textures/AugmentedImageIcon.png using Guid(0bf81216732894b46b8b5437b1acc57a) Importer(815301076,1909f56bfc062723c751e8b465ee728b)  -> (artifact id: 'dc1719878c3e44fb2b4054bbac66d34b') in 0.024091 seconds
Number of updated asset objects reloaded before import = 0
Number of asset objects unloaded after import = 2
========================================================================
Received Import Request.
  Time since last request: 0.000022 seconds.
  path: Assets/GoogleARCore/Examples/Common/Materials/Textures/HelloARIcon.png
  artifactKey: Guid(36b7440e71f344bef8fca770c2d365f8) Importer(815301076,1909f56bfc062723c751e8b465ee728b)
Start importing Assets/GoogleARCore/Examples/Common/Materials/Textures/HelloARIcon.png using Guid(36b7440e71f344bef8fca770c2d365f8) Importer(815301076,1909f56bfc062723c751e8b465ee728b)  -> (artifact id: 'd6e80690e81e1d1ed4fad63c5faef80a') in 0.027610 seconds
Number of updated asset objects reloaded before import = 0
Number of asset objects unloaded after import = 1
Editor requested this worker to shutdown with reason: Scaling down because of idle timeout
TcpMessagingSession - receive error: operation aborted. errorcode: 995, details: The I/O operation has been aborted because of either a thread exit or an application request.
AssetImportWorker is now disconnected from the server
Process exiting
Exiting without the bug reporter. Application will terminate with return code 0